[2024-04-06T03:57:22.299+0000] {manager.py:469} INFO - Processing files using up to 2 processes at a time 
[2024-04-06T03:57:22.302+0000] {manager.py:470} INFO - Process each file at most once every 30 seconds
[2024-04-06T03:57:22.304+0000] {manager.py:471} INFO - Checking for new files in /opt/airflow/dags every 300 seconds
[2024-04-06T03:57:22.305+0000] {manager.py:738} INFO - Searching for files in /opt/airflow/dags
[2024-04-06T03:57:22.318+0000] {manager.py:741} INFO - There are 1 files in /opt/airflow/dags
[2024-04-06T03:57:22.467+0000] {manager.py:879} INFO - 
================================================================================
DAG File Processing Stats

File Path                        PID  Runtime      # DAGs    # Errors  Last Runtime    Last Run
-----------------------------  -----  ---------  --------  ----------  --------------  ----------
/opt/airflow/dags/pipeline.py     34  0.07s             0           0
================================================================================
[2024-04-06T03:57:52.702+0000] {manager.py:879} INFO - 
================================================================================
DAG File Processing Stats

File Path                      PID    Runtime      # DAGs    # Errors  Last Runtime    Last Run
-----------------------------  -----  ---------  --------  ----------  --------------  -------------------
/opt/airflow/dags/pipeline.py                           1           0  3.73s           2024-04-06T03:57:26
================================================================================
[2024-04-06T03:58:23.240+0000] {manager.py:879} INFO - 
================================================================================
DAG File Processing Stats

File Path                      PID    Runtime      # DAGs    # Errors  Last Runtime    Last Run
-----------------------------  -----  ---------  --------  ----------  --------------  -------------------
/opt/airflow/dags/pipeline.py                           1           0  4.67s           2024-04-06T03:58:01
================================================================================
[2024-04-06T03:58:53.354+0000] {manager.py:879} INFO - 
================================================================================
DAG File Processing Stats

File Path                      PID    Runtime      # DAGs    # Errors  Last Runtime    Last Run
-----------------------------  -----  ---------  --------  ----------  --------------  -------------------
/opt/airflow/dags/pipeline.py                           1           0  2.92s           2024-04-06T03:58:34
================================================================================
[2024-04-06T03:59:24.157+0000] {manager.py:879} INFO - 
================================================================================
DAG File Processing Stats

File Path                      PID    Runtime      # DAGs    # Errors  Last Runtime    Last Run
-----------------------------  -----  ---------  --------  ----------  --------------  -------------------
/opt/airflow/dags/pipeline.py                           1           0  6.44s           2024-04-06T03:59:11
================================================================================
[2024-04-06T03:59:54.922+0000] {manager.py:879} INFO - 
================================================================================
DAG File Processing Stats

File Path                      PID    Runtime      # DAGs    # Errors  Last Runtime    Last Run
-----------------------------  -----  ---------  --------  ----------  --------------  -------------------
/opt/airflow/dags/pipeline.py                           1           0  3.10s           2024-04-06T03:59:44
================================================================================
[2024-04-06T04:00:25.451+0000] {manager.py:879} INFO - 
================================================================================
DAG File Processing Stats

File Path                      PID    Runtime      # DAGs    # Errors  Last Runtime    Last Run
-----------------------------  -----  ---------  --------  ----------  --------------  -------------------
/opt/airflow/dags/pipeline.py                           1           0  1.84s           2024-04-06T04:00:16
================================================================================
[2024-04-06T04:00:55.703+0000] {manager.py:879} INFO - 
================================================================================
DAG File Processing Stats

File Path                      PID    Runtime      # DAGs    # Errors  Last Runtime    Last Run
-----------------------------  -----  ---------  --------  ----------  --------------  -------------------
/opt/airflow/dags/pipeline.py                           1           0  1.01s           2024-04-06T04:00:47
================================================================================
[2024-04-06T04:01:26.071+0000] {manager.py:879} INFO - 
================================================================================
DAG File Processing Stats

File Path                      PID    Runtime      # DAGs    # Errors  Last Runtime    Last Run
-----------------------------  -----  ---------  --------  ----------  --------------  -------------------
/opt/airflow/dags/pipeline.py                           1           0  1.07s           2024-04-06T04:01:19
================================================================================
[2024-04-06T04:01:56.353+0000] {manager.py:879} INFO - 
================================================================================
DAG File Processing Stats

File Path                      PID    Runtime      # DAGs    # Errors  Last Runtime    Last Run
-----------------------------  -----  ---------  --------  ----------  --------------  -------------------
/opt/airflow/dags/pipeline.py                           1           0  1.36s           2024-04-06T04:01:50
================================================================================
[2024-04-06T04:02:22.869+0000] {manager.py:738} INFO - Searching for files in /opt/airflow/dags
[2024-04-06T04:02:22.898+0000] {manager.py:741} INFO - There are 1 files in /opt/airflow/dags
[2024-04-06T04:02:26.952+0000] {manager.py:879} INFO - 
================================================================================
DAG File Processing Stats

File Path                      PID    Runtime      # DAGs    # Errors  Last Runtime    Last Run
-----------------------------  -----  ---------  --------  ----------  --------------  -------------------
/opt/airflow/dags/pipeline.py                           1           0  1.04s           2024-04-06T04:02:21
================================================================================
[2024-04-06T04:02:57.249+0000] {manager.py:879} INFO - 
================================================================================
DAG File Processing Stats

File Path                      PID    Runtime      # DAGs    # Errors  Last Runtime    Last Run
-----------------------------  -----  ---------  --------  ----------  --------------  -------------------
/opt/airflow/dags/pipeline.py                           1           0  1.01s           2024-04-06T04:02:53
================================================================================
[2024-04-06T04:03:27.536+0000] {manager.py:879} INFO - 
================================================================================
DAG File Processing Stats

File Path                      PID    Runtime      # DAGs    # Errors  Last Runtime    Last Run
-----------------------------  -----  ---------  --------  ----------  --------------  -------------------
/opt/airflow/dags/pipeline.py                           1           0  1.12s           2024-04-06T04:03:24
================================================================================
[2024-04-06T04:03:57.650+0000] {manager.py:879} INFO - 
================================================================================
DAG File Processing Stats

File Path                      PID    Runtime      # DAGs    # Errors  Last Runtime    Last Run
-----------------------------  -----  ---------  --------  ----------  --------------  -------------------
/opt/airflow/dags/pipeline.py                           1           0  0.83s           2024-04-06T04:03:55
================================================================================
[2024-04-06T04:04:27.815+0000] {manager.py:879} INFO - 
================================================================================
DAG File Processing Stats

File Path                      PID    Runtime      # DAGs    # Errors  Last Runtime    Last Run
-----------------------------  -----  ---------  --------  ----------  --------------  -------------------
/opt/airflow/dags/pipeline.py                           1           0  0.89s           2024-04-06T04:04:26
================================================================================
[2024-04-06T04:04:58.300+0000] {manager.py:879} INFO - 
================================================================================
DAG File Processing Stats

File Path                      PID    Runtime      # DAGs    # Errors  Last Runtime    Last Run
-----------------------------  -----  ---------  --------  ----------  --------------  -------------------
/opt/airflow/dags/pipeline.py                           1           0  0.76s           2024-04-06T04:04:57
================================================================================
[2024-04-06T04:05:28.523+0000] {manager.py:879} INFO - 
================================================================================
DAG File Processing Stats

File Path                        PID  Runtime      # DAGs    # Errors  Last Runtime    Last Run
-----------------------------  -----  ---------  --------  ----------  --------------  -------------------
/opt/airflow/dags/pipeline.py    207  0.55s             1           0  0.76s           2024-04-06T04:04:57
================================================================================
[2024-04-06T04:05:58.775+0000] {manager.py:879} INFO - 
================================================================================
DAG File Processing Stats

File Path                        PID  Runtime      # DAGs    # Errors  Last Runtime    Last Run
-----------------------------  -----  ---------  --------  ----------  --------------  -------------------
/opt/airflow/dags/pipeline.py    216  0.00s             1           0  0.77s           2024-04-06T04:05:28
================================================================================
[2024-04-06T04:06:25.170+0000] {manager.py:469} INFO - Processing files using up to 2 processes at a time 
[2024-04-06T04:06:25.172+0000] {manager.py:470} INFO - Process each file at most once every 30 seconds
[2024-04-06T04:06:25.172+0000] {manager.py:471} INFO - Checking for new files in /opt/airflow/dags every 300 seconds
[2024-04-06T04:06:25.173+0000] {manager.py:738} INFO - Searching for files in /opt/airflow/dags
[2024-04-06T04:06:25.181+0000] {manager.py:741} INFO - There are 1 files in /opt/airflow/dags
[2024-04-06T04:06:46.379+0000] {manager.py:879} INFO - 
================================================================================
DAG File Processing Stats

File Path                      PID    Runtime      # DAGs    # Errors  Last Runtime    Last Run
-----------------------------  -----  ---------  --------  ----------  --------------  -------------------
/opt/airflow/dags/pipeline.py                           1           0  1.21s           2024-04-06T04:06:26
================================================================================
[2024-04-06T04:07:16.408+0000] {manager.py:879} INFO - 
================================================================================
DAG File Processing Stats

File Path                      PID    Runtime      # DAGs    # Errors  Last Runtime    Last Run
-----------------------------  -----  ---------  --------  ----------  --------------  -------------------
/opt/airflow/dags/pipeline.py                           1           0  0.79s           2024-04-06T04:06:57
================================================================================
[2024-04-06T04:07:46.428+0000] {manager.py:879} INFO - 
================================================================================
DAG File Processing Stats

File Path                      PID    Runtime      # DAGs    # Errors  Last Runtime    Last Run
-----------------------------  -----  ---------  --------  ----------  --------------  -------------------
/opt/airflow/dags/pipeline.py                           1           0  0.76s           2024-04-06T04:07:28
================================================================================
[2024-04-06T04:08:16.464+0000] {manager.py:879} INFO - 
================================================================================
DAG File Processing Stats

File Path                      PID    Runtime      # DAGs    # Errors  Last Runtime    Last Run
-----------------------------  -----  ---------  --------  ----------  --------------  -------------------
/opt/airflow/dags/pipeline.py                           1           0  0.80s           2024-04-06T04:07:59
================================================================================
[2024-04-06T04:08:46.669+0000] {manager.py:879} INFO - 
================================================================================
DAG File Processing Stats

File Path                      PID    Runtime      # DAGs    # Errors  Last Runtime    Last Run
-----------------------------  -----  ---------  --------  ----------  --------------  -------------------
/opt/airflow/dags/pipeline.py                           1           0  0.76s           2024-04-06T04:08:30
================================================================================
[2024-04-06T04:09:16.892+0000] {manager.py:879} INFO - 
================================================================================
DAG File Processing Stats

File Path                      PID    Runtime      # DAGs    # Errors  Last Runtime    Last Run
-----------------------------  -----  ---------  --------  ----------  --------------  -------------------
/opt/airflow/dags/pipeline.py                           1           0  0.77s           2024-04-06T04:09:01
================================================================================
[2024-04-06T04:09:47.148+0000] {manager.py:879} INFO - 
================================================================================
DAG File Processing Stats

File Path                      PID    Runtime      # DAGs    # Errors  Last Runtime    Last Run
-----------------------------  -----  ---------  --------  ----------  --------------  -------------------
/opt/airflow/dags/pipeline.py                           1           0  0.82s           2024-04-06T04:09:32
================================================================================
[2024-04-06T04:10:17.252+0000] {manager.py:879} INFO - 
================================================================================
DAG File Processing Stats

File Path                      PID    Runtime      # DAGs    # Errors  Last Runtime    Last Run
-----------------------------  -----  ---------  --------  ----------  --------------  -------------------
/opt/airflow/dags/pipeline.py                           1           0  0.83s           2024-04-06T04:10:03
================================================================================
[2024-04-06T04:10:47.767+0000] {manager.py:879} INFO - 
================================================================================
DAG File Processing Stats

File Path                      PID    Runtime      # DAGs    # Errors  Last Runtime    Last Run
-----------------------------  -----  ---------  --------  ----------  --------------  -------------------
/opt/airflow/dags/pipeline.py                           1           0  0.76s           2024-04-06T04:10:34
================================================================================
[2024-04-06T04:11:18.035+0000] {manager.py:879} INFO - 
================================================================================
DAG File Processing Stats

File Path                      PID    Runtime      # DAGs    # Errors  Last Runtime    Last Run
-----------------------------  -----  ---------  --------  ----------  --------------  -------------------
/opt/airflow/dags/pipeline.py                           1           0  0.76s           2024-04-06T04:11:05
================================================================================
[2024-04-06T04:11:25.269+0000] {manager.py:738} INFO - Searching for files in /opt/airflow/dags
[2024-04-06T04:11:25.279+0000] {manager.py:741} INFO - There are 1 files in /opt/airflow/dags
[2024-04-06T04:11:48.048+0000] {manager.py:879} INFO - 
================================================================================
DAG File Processing Stats

File Path                      PID    Runtime      # DAGs    # Errors  Last Runtime    Last Run
-----------------------------  -----  ---------  --------  ----------  --------------  -------------------
/opt/airflow/dags/pipeline.py                           1           0  0.76s           2024-04-06T04:11:35
================================================================================
[2024-04-06T04:12:18.100+0000] {manager.py:879} INFO - 
================================================================================
DAG File Processing Stats

File Path                      PID    Runtime      # DAGs    # Errors  Last Runtime    Last Run
-----------------------------  -----  ---------  --------  ----------  --------------  -------------------
/opt/airflow/dags/pipeline.py                           1           0  0.86s           2024-04-06T04:12:07
================================================================================
[2024-04-06T04:12:34.820+0000] {manager.py:451} INFO - Exiting gracefully upon receiving signal 15
[2024-04-06T04:14:00.438+0000] {manager.py:469} INFO - Processing files using up to 2 processes at a time 
[2024-04-06T04:14:00.439+0000] {manager.py:470} INFO - Process each file at most once every 30 seconds
[2024-04-06T04:14:00.440+0000] {manager.py:471} INFO - Checking for new files in /opt/airflow/dags every 300 seconds
[2024-04-06T04:14:00.440+0000] {manager.py:738} INFO - Searching for files in /opt/airflow/dags
[2024-04-06T04:14:00.443+0000] {manager.py:741} INFO - There are 1 files in /opt/airflow/dags
[2024-04-06T04:14:00.486+0000] {manager.py:879} INFO - 
================================================================================
DAG File Processing Stats

File Path                        PID  Runtime      # DAGs    # Errors  Last Runtime    Last Run
-----------------------------  -----  ---------  --------  ----------  --------------  ----------
/opt/airflow/dags/pipeline.py     35  0.02s             0           0
================================================================================
[2024-04-06T04:14:30.707+0000] {manager.py:879} INFO - 
================================================================================
DAG File Processing Stats

File Path                      PID    Runtime      # DAGs    # Errors  Last Runtime    Last Run
-----------------------------  -----  ---------  --------  ----------  --------------  -------------------
/opt/airflow/dags/pipeline.py                           1           0  1.53s           2024-04-06T04:14:01
================================================================================
[2024-04-06T04:15:00.955+0000] {manager.py:879} INFO - 
================================================================================
DAG File Processing Stats

File Path                      PID    Runtime      # DAGs    # Errors  Last Runtime    Last Run
-----------------------------  -----  ---------  --------  ----------  --------------  -------------------
/opt/airflow/dags/pipeline.py                           1           0  0.98s           2024-04-06T04:14:33
================================================================================
[2024-04-06T04:15:31.398+0000] {manager.py:879} INFO - 
================================================================================
DAG File Processing Stats

File Path                      PID    Runtime      # DAGs    # Errors  Last Runtime    Last Run
-----------------------------  -----  ---------  --------  ----------  --------------  -------------------
/opt/airflow/dags/pipeline.py                           1           0  0.76s           2024-04-06T04:15:21
================================================================================
[2024-04-06T04:16:01.656+0000] {manager.py:879} INFO - 
================================================================================
DAG File Processing Stats

File Path                      PID    Runtime      # DAGs    # Errors  Last Runtime    Last Run
-----------------------------  -----  ---------  --------  ----------  --------------  -------------------
/opt/airflow/dags/pipeline.py                           1           0  1.01s           2024-04-06T04:15:52
================================================================================
[2024-04-06T04:16:31.910+0000] {manager.py:879} INFO - 
================================================================================
DAG File Processing Stats

File Path                      PID    Runtime      # DAGs    # Errors  Last Runtime    Last Run
-----------------------------  -----  ---------  --------  ----------  --------------  -------------------
/opt/airflow/dags/pipeline.py                           1           0  0.96s           2024-04-06T04:16:23
================================================================================
[2024-04-06T04:17:02.145+0000] {manager.py:879} INFO - 
================================================================================
DAG File Processing Stats

File Path                      PID    Runtime      # DAGs    # Errors  Last Runtime    Last Run
-----------------------------  -----  ---------  --------  ----------  --------------  -------------------
/opt/airflow/dags/pipeline.py                           1           0  0.99s           2024-04-06T04:16:55
================================================================================
[2024-04-06T04:17:32.414+0000] {manager.py:879} INFO - 
================================================================================
DAG File Processing Stats

File Path                      PID    Runtime      # DAGs    # Errors  Last Runtime    Last Run
-----------------------------  -----  ---------  --------  ----------  --------------  -------------------
/opt/airflow/dags/pipeline.py                           1           0  1.03s           2024-04-06T04:17:26
================================================================================
[2024-04-06T04:18:02.661+0000] {manager.py:879} INFO - 
================================================================================
DAG File Processing Stats

File Path                      PID    Runtime      # DAGs    # Errors  Last Runtime    Last Run
-----------------------------  -----  ---------  --------  ----------  --------------  -------------------
/opt/airflow/dags/pipeline.py                           1           0  1.00s           2024-04-06T04:17:57
================================================================================
[2024-04-06T04:18:32.931+0000] {manager.py:879} INFO - 
================================================================================
DAG File Processing Stats

File Path                      PID    Runtime      # DAGs    # Errors  Last Runtime    Last Run
-----------------------------  -----  ---------  --------  ----------  --------------  -------------------
/opt/airflow/dags/pipeline.py                           1           0  1.00s           2024-04-06T04:18:28
================================================================================
[2024-04-06T04:19:01.222+0000] {manager.py:738} INFO - Searching for files in /opt/airflow/dags
[2024-04-06T04:19:01.232+0000] {manager.py:741} INFO - There are 1 files in /opt/airflow/dags
[2024-04-06T04:19:03.266+0000] {manager.py:879} INFO - 
================================================================================
DAG File Processing Stats

File Path                      PID    Runtime      # DAGs    # Errors  Last Runtime    Last Run
-----------------------------  -----  ---------  --------  ----------  --------------  -------------------
/opt/airflow/dags/pipeline.py                           1           0  1.05s           2024-04-06T04:19:00
================================================================================
[2024-04-06T04:19:33.582+0000] {manager.py:879} INFO - 
================================================================================
DAG File Processing Stats

File Path                      PID    Runtime      # DAGs    # Errors  Last Runtime    Last Run
-----------------------------  -----  ---------  --------  ----------  --------------  -------------------
/opt/airflow/dags/pipeline.py                           1           0  1.01s           2024-04-06T04:19:31
================================================================================
[2024-04-06T04:20:03.786+0000] {manager.py:879} INFO - 
================================================================================
DAG File Processing Stats

File Path                      PID    Runtime      # DAGs    # Errors  Last Runtime    Last Run
-----------------------------  -----  ---------  --------  ----------  --------------  -------------------
/opt/airflow/dags/pipeline.py                           1           0  0.94s           2024-04-06T04:20:02
================================================================================
[2024-04-06T04:20:34.051+0000] {manager.py:879} INFO - 
================================================================================
DAG File Processing Stats

File Path                        PID  Runtime      # DAGs    # Errors  Last Runtime    Last Run
-----------------------------  -----  ---------  --------  ----------  --------------  -------------------
/opt/airflow/dags/pipeline.py    158  1.03s             1           0  0.94s           2024-04-06T04:20:02
================================================================================
[2024-04-06T04:21:04.328+0000] {manager.py:879} INFO - 
================================================================================
DAG File Processing Stats

File Path                        PID  Runtime      # DAGs    # Errors  Last Runtime    Last Run
-----------------------------  -----  ---------  --------  ----------  --------------  -------------------
/opt/airflow/dags/pipeline.py    167  0.02s             1           0  1.24s           2024-04-06T04:20:34
================================================================================
[2024-04-06T04:21:34.512+0000] {manager.py:879} INFO - 
================================================================================
DAG File Processing Stats

File Path                      PID    Runtime      # DAGs    # Errors  Last Runtime    Last Run
-----------------------------  -----  ---------  --------  ----------  --------------  -------------------
/opt/airflow/dags/pipeline.py                           1           0  0.78s           2024-04-06T04:21:09
================================================================================
[2024-04-06T04:22:04.743+0000] {manager.py:879} INFO - 
================================================================================
DAG File Processing Stats

File Path                      PID    Runtime      # DAGs    # Errors  Last Runtime    Last Run
-----------------------------  -----  ---------  --------  ----------  --------------  -------------------
/opt/airflow/dags/pipeline.py                           1           0  0.97s           2024-04-06T04:21:40
================================================================================
[2024-04-06T04:22:35.066+0000] {manager.py:879} INFO - 
================================================================================
DAG File Processing Stats

File Path                      PID    Runtime      # DAGs    # Errors  Last Runtime    Last Run
-----------------------------  -----  ---------  --------  ----------  --------------  -------------------
/opt/airflow/dags/pipeline.py                           1           0  1.25s           2024-04-06T04:22:12
================================================================================
[2024-04-06T04:23:05.249+0000] {manager.py:879} INFO - 
================================================================================
DAG File Processing Stats

File Path                      PID    Runtime      # DAGs    # Errors  Last Runtime    Last Run
-----------------------------  -----  ---------  --------  ----------  --------------  -------------------
/opt/airflow/dags/pipeline.py                           1           0  0.93s           2024-04-06T04:22:43
================================================================================
[2024-04-06T04:23:35.305+0000] {manager.py:879} INFO - 
================================================================================
DAG File Processing Stats

File Path                      PID    Runtime      # DAGs    # Errors  Last Runtime    Last Run
-----------------------------  -----  ---------  --------  ----------  --------------  -------------------
/opt/airflow/dags/pipeline.py                           1           0  0.84s           2024-04-06T04:23:14
================================================================================
[2024-04-06T04:24:01.538+0000] {manager.py:738} INFO - Searching for files in /opt/airflow/dags
[2024-04-06T04:24:01.550+0000] {manager.py:741} INFO - There are 1 files in /opt/airflow/dags
[2024-04-06T04:24:05.601+0000] {manager.py:879} INFO - 
================================================================================
DAG File Processing Stats

File Path                      PID    Runtime      # DAGs    # Errors  Last Runtime    Last Run
-----------------------------  -----  ---------  --------  ----------  --------------  -------------------
/opt/airflow/dags/pipeline.py                           1           0  1.12s           2024-04-06T04:23:45
================================================================================
[2024-04-06T04:24:35.716+0000] {manager.py:879} INFO - 
================================================================================
DAG File Processing Stats

File Path                      PID    Runtime      # DAGs    # Errors  Last Runtime    Last Run
-----------------------------  -----  ---------  --------  ----------  --------------  -------------------
/opt/airflow/dags/pipeline.py                           0           1  0.03s           2024-04-06T04:24:18
================================================================================
[2024-04-06T04:25:05.941+0000] {manager.py:879} INFO - 
================================================================================
DAG File Processing Stats

File Path                      PID    Runtime      # DAGs    # Errors  Last Runtime    Last Run
-----------------------------  -----  ---------  --------  ----------  --------------  -------------------
/opt/airflow/dags/pipeline.py                           0           1  0.03s           2024-04-06T04:24:48
================================================================================
[2024-04-06T04:25:36.184+0000] {manager.py:879} INFO - 
================================================================================
DAG File Processing Stats

File Path                      PID    Runtime      # DAGs    # Errors  Last Runtime    Last Run
-----------------------------  -----  ---------  --------  ----------  --------------  -------------------
/opt/airflow/dags/pipeline.py                           0           1  0.05s           2024-04-06T04:25:19
================================================================================
[2024-04-06T04:26:06.256+0000] {manager.py:879} INFO - 
================================================================================
DAG File Processing Stats

File Path                      PID    Runtime      # DAGs    # Errors  Last Runtime    Last Run
-----------------------------  -----  ---------  --------  ----------  --------------  -------------------
/opt/airflow/dags/pipeline.py                           1           0  0.80s           2024-04-06T04:26:06
================================================================================
[2024-04-06T04:26:36.560+0000] {manager.py:879} INFO - 
================================================================================
DAG File Processing Stats

File Path                        PID  Runtime      # DAGs    # Errors  Last Runtime    Last Run
-----------------------------  -----  ---------  --------  ----------  --------------  -------------------
/opt/airflow/dags/pipeline.py    265  0.02s             1           0  0.80s           2024-04-06T04:26:06
================================================================================
[2024-04-06T04:27:06.798+0000] {manager.py:879} INFO - 
================================================================================
DAG File Processing Stats

File Path                      PID    Runtime      # DAGs    # Errors  Last Runtime    Last Run
-----------------------------  -----  ---------  --------  ----------  --------------  -------------------
/opt/airflow/dags/pipeline.py                           1           0  1.12s           2024-04-06T04:26:37
================================================================================
[2024-04-06T04:27:37.043+0000] {manager.py:879} INFO - 
================================================================================
DAG File Processing Stats

File Path                      PID    Runtime      # DAGs    # Errors  Last Runtime    Last Run
-----------------------------  -----  ---------  --------  ----------  --------------  -------------------
/opt/airflow/dags/pipeline.py                           1           0  1.00s           2024-04-06T04:27:08
================================================================================
[2024-04-06T04:28:07.335+0000] {manager.py:879} INFO - 
================================================================================
DAG File Processing Stats

File Path                      PID    Runtime      # DAGs    # Errors  Last Runtime    Last Run
-----------------------------  -----  ---------  --------  ----------  --------------  -------------------
/opt/airflow/dags/pipeline.py                           1           0  1.03s           2024-04-06T04:27:40
================================================================================
[2024-04-06T04:28:37.601+0000] {manager.py:879} INFO - 
================================================================================
DAG File Processing Stats

File Path                      PID    Runtime      # DAGs    # Errors  Last Runtime    Last Run
-----------------------------  -----  ---------  --------  ----------  --------------  -------------------
/opt/airflow/dags/pipeline.py                           1           0  1.10s           2024-04-06T04:28:11
================================================================================
[2024-04-06T04:29:01.818+0000] {manager.py:738} INFO - Searching for files in /opt/airflow/dags
[2024-04-06T04:29:01.834+0000] {manager.py:741} INFO - There are 1 files in /opt/airflow/dags
[2024-04-06T04:29:07.917+0000] {manager.py:879} INFO - 
================================================================================
DAG File Processing Stats

File Path                      PID    Runtime      # DAGs    # Errors  Last Runtime    Last Run
-----------------------------  -----  ---------  --------  ----------  --------------  -------------------
/opt/airflow/dags/pipeline.py                           1           0  1.22s           2024-04-06T04:28:42
================================================================================
[2024-04-06T04:29:38.023+0000] {manager.py:879} INFO - 
================================================================================
DAG File Processing Stats

File Path                      PID    Runtime      # DAGs    # Errors  Last Runtime    Last Run
-----------------------------  -----  ---------  --------  ----------  --------------  -------------------
/opt/airflow/dags/pipeline.py                           1           0  0.85s           2024-04-06T04:29:13
================================================================================
[2024-04-06T04:30:08.093+0000] {manager.py:879} INFO - 
================================================================================
DAG File Processing Stats

File Path                      PID    Runtime      # DAGs    # Errors  Last Runtime    Last Run
-----------------------------  -----  ---------  --------  ----------  --------------  -------------------
/opt/airflow/dags/pipeline.py                           1           0  0.84s           2024-04-06T04:29:44
================================================================================
[2024-04-06T04:30:38.175+0000] {manager.py:879} INFO - 
================================================================================
DAG File Processing Stats

File Path                      PID    Runtime      # DAGs    # Errors  Last Runtime    Last Run
-----------------------------  -----  ---------  --------  ----------  --------------  -------------------
/opt/airflow/dags/pipeline.py                           1           0  0.85s           2024-04-06T04:30:16
================================================================================
[2024-04-06T04:31:08.293+0000] {manager.py:879} INFO - 
================================================================================
DAG File Processing Stats

File Path                      PID    Runtime      # DAGs    # Errors  Last Runtime    Last Run
-----------------------------  -----  ---------  --------  ----------  --------------  -------------------
/opt/airflow/dags/pipeline.py                           1           0  0.79s           2024-04-06T04:30:50
================================================================================
[2024-04-06T04:31:38.550+0000] {manager.py:879} INFO - 
================================================================================
DAG File Processing Stats

File Path                      PID    Runtime      # DAGs    # Errors  Last Runtime    Last Run
-----------------------------  -----  ---------  --------  ----------  --------------  -------------------
/opt/airflow/dags/pipeline.py                           1           0  0.95s           2024-04-06T04:31:21
================================================================================
[2024-04-06T04:32:08.829+0000] {manager.py:879} INFO - 
================================================================================
DAG File Processing Stats

File Path                      PID    Runtime      # DAGs    # Errors  Last Runtime    Last Run
-----------------------------  -----  ---------  --------  ----------  --------------  -------------------
/opt/airflow/dags/pipeline.py                           1           0  0.88s           2024-04-06T04:31:52
================================================================================
[2024-04-06T04:32:39.046+0000] {manager.py:879} INFO - 
================================================================================
DAG File Processing Stats

File Path                      PID    Runtime      # DAGs    # Errors  Last Runtime    Last Run
-----------------------------  -----  ---------  --------  ----------  --------------  -------------------
/opt/airflow/dags/pipeline.py                           1           0  0.94s           2024-04-06T04:32:23
================================================================================
[2024-04-06T04:33:09.080+0000] {manager.py:879} INFO - 
================================================================================
DAG File Processing Stats

File Path                      PID    Runtime      # DAGs    # Errors  Last Runtime    Last Run
-----------------------------  -----  ---------  --------  ----------  --------------  -------------------
/opt/airflow/dags/pipeline.py                           1           0  0.78s           2024-04-06T04:32:54
================================================================================
[2024-04-06T04:33:39.180+0000] {manager.py:879} INFO - 
================================================================================
DAG File Processing Stats

File Path                      PID    Runtime      # DAGs    # Errors  Last Runtime    Last Run
-----------------------------  -----  ---------  --------  ----------  --------------  -------------------
/opt/airflow/dags/pipeline.py                           1           0  0.87s           2024-04-06T04:33:26
================================================================================
[2024-04-06T04:34:01.865+0000] {manager.py:738} INFO - Searching for files in /opt/airflow/dags
[2024-04-06T04:34:01.878+0000] {manager.py:741} INFO - There are 1 files in /opt/airflow/dags
[2024-04-06T04:34:09.203+0000] {manager.py:879} INFO - 
================================================================================
DAG File Processing Stats

File Path                      PID    Runtime      # DAGs    # Errors  Last Runtime    Last Run
-----------------------------  -----  ---------  --------  ----------  --------------  -------------------
/opt/airflow/dags/pipeline.py                           1           0  0.78s           2024-04-06T04:33:57
================================================================================
[2024-04-06T04:34:39.300+0000] {manager.py:879} INFO - 
================================================================================
DAG File Processing Stats

File Path                      PID    Runtime      # DAGs    # Errors  Last Runtime    Last Run
-----------------------------  -----  ---------  --------  ----------  --------------  -------------------
/opt/airflow/dags/pipeline.py                           1           0  0.87s           2024-04-06T04:34:28
================================================================================
[2024-04-06T04:35:09.554+0000] {manager.py:879} INFO - 
================================================================================
DAG File Processing Stats

File Path                      PID    Runtime      # DAGs    # Errors  Last Runtime    Last Run
-----------------------------  -----  ---------  --------  ----------  --------------  -------------------
/opt/airflow/dags/pipeline.py                           1           0  0.82s           2024-04-06T04:34:59
================================================================================
[2024-04-06T04:35:39.808+0000] {manager.py:879} INFO - 
================================================================================
DAG File Processing Stats

File Path                      PID    Runtime      # DAGs    # Errors  Last Runtime    Last Run
-----------------------------  -----  ---------  --------  ----------  --------------  -------------------
/opt/airflow/dags/pipeline.py                           1           0  0.84s           2024-04-06T04:35:30
================================================================================
[2024-04-06T04:36:10.048+0000] {manager.py:879} INFO - 
================================================================================
DAG File Processing Stats

File Path                      PID    Runtime      # DAGs    # Errors  Last Runtime    Last Run
-----------------------------  -----  ---------  --------  ----------  --------------  -------------------
/opt/airflow/dags/pipeline.py                           1           0  0.92s           2024-04-06T04:36:01
================================================================================
[2024-04-06T04:36:40.298+0000] {manager.py:879} INFO - 
================================================================================
DAG File Processing Stats

File Path                      PID    Runtime      # DAGs    # Errors  Last Runtime    Last Run
-----------------------------  -----  ---------  --------  ----------  --------------  -------------------
/opt/airflow/dags/pipeline.py                           1           0  0.77s           2024-04-06T04:36:32
================================================================================
[2024-04-06T04:37:10.389+0000] {manager.py:879} INFO - 
================================================================================
DAG File Processing Stats

File Path                      PID    Runtime      # DAGs    # Errors  Last Runtime    Last Run
-----------------------------  -----  ---------  --------  ----------  --------------  -------------------
/opt/airflow/dags/pipeline.py                           1           0  0.79s           2024-04-06T04:37:03
================================================================================
[2024-04-06T04:37:40.518+0000] {manager.py:879} INFO - 
================================================================================
DAG File Processing Stats

File Path                      PID    Runtime      # DAGs    # Errors  Last Runtime    Last Run
-----------------------------  -----  ---------  --------  ----------  --------------  -------------------
/opt/airflow/dags/pipeline.py                           1           0  0.83s           2024-04-06T04:37:34
================================================================================
[2024-04-06T04:38:10.563+0000] {manager.py:879} INFO - 
================================================================================
DAG File Processing Stats

File Path                      PID    Runtime      # DAGs    # Errors  Last Runtime    Last Run
-----------------------------  -----  ---------  --------  ----------  --------------  -------------------
/opt/airflow/dags/pipeline.py                           1           0  0.77s           2024-04-06T04:38:05
================================================================================
[2024-04-06T04:38:40.601+0000] {manager.py:879} INFO - 
================================================================================
DAG File Processing Stats

File Path                      PID    Runtime      # DAGs    # Errors  Last Runtime    Last Run
-----------------------------  -----  ---------  --------  ----------  --------------  -------------------
/opt/airflow/dags/pipeline.py                           1           0  0.78s           2024-04-06T04:38:36
================================================================================
[2024-04-06T04:39:02.765+0000] {manager.py:738} INFO - Searching for files in /opt/airflow/dags
[2024-04-06T04:39:02.784+0000] {manager.py:741} INFO - There are 1 files in /opt/airflow/dags
[2024-04-06T04:39:10.871+0000] {manager.py:879} INFO - 
================================================================================
DAG File Processing Stats

File Path                      PID    Runtime      # DAGs    # Errors  Last Runtime    Last Run
-----------------------------  -----  ---------  --------  ----------  --------------  -------------------
/opt/airflow/dags/pipeline.py                           1           0  0.98s           2024-04-06T04:39:07
================================================================================
[2024-04-06T04:39:40.896+0000] {manager.py:879} INFO - 
================================================================================
DAG File Processing Stats

File Path                      PID    Runtime      # DAGs    # Errors  Last Runtime    Last Run
-----------------------------  -----  ---------  --------  ----------  --------------  -------------------
/opt/airflow/dags/pipeline.py                           1           0  0.81s           2024-04-06T04:39:38
================================================================================
[2024-04-06T04:40:11.163+0000] {manager.py:879} INFO - 
================================================================================
DAG File Processing Stats

File Path                      PID    Runtime      # DAGs    # Errors  Last Runtime    Last Run
-----------------------------  -----  ---------  --------  ----------  --------------  -------------------
/opt/airflow/dags/pipeline.py                           1           0  1.05s           2024-04-06T04:40:10
================================================================================
[2024-04-06T04:40:41.270+0000] {manager.py:879} INFO - 
================================================================================
DAG File Processing Stats

File Path                      PID    Runtime      # DAGs    # Errors  Last Runtime    Last Run
-----------------------------  -----  ---------  --------  ----------  --------------  -------------------
/opt/airflow/dags/pipeline.py                           1           0  0.83s           2024-04-06T04:40:41
================================================================================
[2024-04-06T04:41:11.617+0000] {manager.py:879} INFO - 
================================================================================
DAG File Processing Stats

File Path                        PID  Runtime      # DAGs    # Errors  Last Runtime    Last Run
-----------------------------  -----  ---------  --------  ----------  --------------  -------------------
/opt/airflow/dags/pipeline.py    533  0.01s             1           0  0.83s           2024-04-06T04:40:41
================================================================================
[2024-04-06T04:41:41.901+0000] {manager.py:879} INFO - 
================================================================================
DAG File Processing Stats

File Path                      PID    Runtime      # DAGs    # Errors  Last Runtime    Last Run
-----------------------------  -----  ---------  --------  ----------  --------------  -------------------
/opt/airflow/dags/pipeline.py                           1           0  1.04s           2024-04-06T04:41:12
================================================================================
[2024-04-06T04:42:12.096+0000] {manager.py:879} INFO - 
================================================================================
DAG File Processing Stats

File Path                      PID    Runtime      # DAGs    # Errors  Last Runtime    Last Run
-----------------------------  -----  ---------  --------  ----------  --------------  -------------------
/opt/airflow/dags/pipeline.py                           1           0  0.93s           2024-04-06T04:41:43
================================================================================
[2024-04-06T04:42:42.184+0000] {manager.py:879} INFO - 
================================================================================
DAG File Processing Stats

File Path                      PID    Runtime      # DAGs    # Errors  Last Runtime    Last Run
-----------------------------  -----  ---------  --------  ----------  --------------  -------------------
/opt/airflow/dags/pipeline.py                           1           0  0.84s           2024-04-06T04:42:14
================================================================================
[2024-04-06T04:43:12.341+0000] {manager.py:879} INFO - 
================================================================================
DAG File Processing Stats

File Path                      PID    Runtime      # DAGs    # Errors  Last Runtime    Last Run
-----------------------------  -----  ---------  --------  ----------  --------------  -------------------
/opt/airflow/dags/pipeline.py                           1           0  0.90s           2024-04-06T04:42:46
================================================================================
[2024-04-06T04:43:42.611+0000] {manager.py:879} INFO - 
================================================================================
DAG File Processing Stats

File Path                      PID    Runtime      # DAGs    # Errors  Last Runtime    Last Run
-----------------------------  -----  ---------  --------  ----------  --------------  -------------------
/opt/airflow/dags/pipeline.py                           1           0  1.02s           2024-04-06T04:43:17
================================================================================
[2024-04-06T04:44:02.766+0000] {manager.py:738} INFO - Searching for files in /opt/airflow/dags
[2024-04-06T04:44:02.770+0000] {manager.py:741} INFO - There are 1 files in /opt/airflow/dags
[2024-04-06T04:44:12.864+0000] {manager.py:879} INFO - 
================================================================================
DAG File Processing Stats

File Path                      PID    Runtime      # DAGs    # Errors  Last Runtime    Last Run
-----------------------------  -----  ---------  --------  ----------  --------------  -------------------
/opt/airflow/dags/pipeline.py                           1           0  0.95s           2024-04-06T04:43:48
================================================================================
[2024-04-06T04:44:43.057+0000] {manager.py:879} INFO - 
================================================================================
DAG File Processing Stats

File Path                      PID    Runtime      # DAGs    # Errors  Last Runtime    Last Run
-----------------------------  -----  ---------  --------  ----------  --------------  -------------------
/opt/airflow/dags/pipeline.py                           1           0  0.99s           2024-04-06T04:44:19
================================================================================
[2024-04-06T04:45:13.263+0000] {manager.py:879} INFO - 
================================================================================
DAG File Processing Stats

File Path                      PID    Runtime      # DAGs    # Errors  Last Runtime    Last Run
-----------------------------  -----  ---------  --------  ----------  --------------  -------------------
/opt/airflow/dags/pipeline.py                           1           0  0.96s           2024-04-06T04:44:51
================================================================================
[2024-04-06T04:45:43.536+0000] {manager.py:879} INFO - 
================================================================================
DAG File Processing Stats

File Path                      PID    Runtime      # DAGs    # Errors  Last Runtime    Last Run
-----------------------------  -----  ---------  --------  ----------  --------------  -------------------
/opt/airflow/dags/pipeline.py                           1           0  1.06s           2024-04-06T04:45:22
================================================================================
[2024-04-06T04:46:13.813+0000] {manager.py:879} INFO - 
================================================================================
DAG File Processing Stats

File Path                        PID  Runtime      # DAGs    # Errors  Last Runtime    Last Run
-----------------------------  -----  ---------  --------  ----------  --------------  -------------------
/opt/airflow/dags/pipeline.py    623  0.01s             1           0  0.99s           2024-04-06T04:45:53
================================================================================
[2024-04-06T04:46:44.081+0000] {manager.py:879} INFO - 
================================================================================
DAG File Processing Stats

File Path                      PID    Runtime      # DAGs    # Errors  Last Runtime    Last Run
-----------------------------  -----  ---------  --------  ----------  --------------  -------------------
/opt/airflow/dags/pipeline.py                           1           0  1.06s           2024-04-06T04:46:22
================================================================================
[2024-04-06T04:47:14.252+0000] {manager.py:879} INFO - 
================================================================================
DAG File Processing Stats

File Path                      PID    Runtime      # DAGs    # Errors  Last Runtime    Last Run
-----------------------------  -----  ---------  --------  ----------  --------------  -------------------
/opt/airflow/dags/pipeline.py                           1           0  0.92s           2024-04-06T04:46:54
================================================================================
[2024-04-06T04:47:44.562+0000] {manager.py:879} INFO - 
================================================================================
DAG File Processing Stats

File Path                      PID    Runtime      # DAGs    # Errors  Last Runtime    Last Run
-----------------------------  -----  ---------  --------  ----------  --------------  -------------------
/opt/airflow/dags/pipeline.py                           1           0  1.17s           2024-04-06T04:47:25
================================================================================
[2024-04-06T04:48:14.884+0000] {manager.py:879} INFO - 
================================================================================
DAG File Processing Stats

File Path                      PID    Runtime      # DAGs    # Errors  Last Runtime    Last Run
-----------------------------  -----  ---------  --------  ----------  --------------  -------------------
/opt/airflow/dags/pipeline.py                           1           0  1.04s           2024-04-06T04:47:56
================================================================================
[2024-04-06T04:48:45.166+0000] {manager.py:879} INFO - 
================================================================================
DAG File Processing Stats

File Path                      PID    Runtime      # DAGs    # Errors  Last Runtime    Last Run
-----------------------------  -----  ---------  --------  ----------  --------------  -------------------
/opt/airflow/dags/pipeline.py                           1           0  1.06s           2024-04-06T04:48:28
================================================================================
[2024-04-06T04:49:03.254+0000] {manager.py:738} INFO - Searching for files in /opt/airflow/dags
[2024-04-06T04:49:03.275+0000] {manager.py:741} INFO - There are 1 files in /opt/airflow/dags
[2024-04-06T04:49:15.412+0000] {manager.py:879} INFO - 
================================================================================
DAG File Processing Stats

File Path                      PID    Runtime      # DAGs    # Errors  Last Runtime    Last Run
-----------------------------  -----  ---------  --------  ----------  --------------  -------------------
/opt/airflow/dags/pipeline.py                           1           0  0.95s           2024-04-06T04:48:59
================================================================================
[2024-04-06T04:49:45.675+0000] {manager.py:879} INFO - 
================================================================================
DAG File Processing Stats

File Path                      PID    Runtime      # DAGs    # Errors  Last Runtime    Last Run
-----------------------------  -----  ---------  --------  ----------  --------------  -------------------
/opt/airflow/dags/pipeline.py                           1           0  1.18s           2024-04-06T04:49:30
================================================================================
[2024-04-06T04:50:15.773+0000] {manager.py:879} INFO - 
================================================================================
DAG File Processing Stats

File Path                      PID    Runtime      # DAGs    # Errors  Last Runtime    Last Run
-----------------------------  -----  ---------  --------  ----------  --------------  -------------------
/opt/airflow/dags/pipeline.py                           1           0  0.88s           2024-04-06T04:49:52
================================================================================
[2024-04-06T04:50:45.900+0000] {manager.py:879} INFO - 
================================================================================
DAG File Processing Stats

File Path                      PID    Runtime      # DAGs    # Errors  Last Runtime    Last Run
-----------------------------  -----  ---------  --------  ----------  --------------  -------------------
/opt/airflow/dags/pipeline.py                           1           0  0.86s           2024-04-06T04:50:23
================================================================================
[2024-04-06T04:51:15.964+0000] {manager.py:879} INFO - 
================================================================================
DAG File Processing Stats

File Path                      PID    Runtime      # DAGs    # Errors  Last Runtime    Last Run
-----------------------------  -----  ---------  --------  ----------  --------------  -------------------
/opt/airflow/dags/pipeline.py                           1           0  1.87s           2024-04-06T04:50:55
================================================================================
[2024-04-06T04:51:34.912+0000] {manager.py:451} INFO - Exiting gracefully upon receiving signal 15
[2024-04-06T13:05:50.496+0000] {manager.py:469} INFO - Processing files using up to 2 processes at a time 
[2024-04-06T13:05:50.497+0000] {manager.py:470} INFO - Process each file at most once every 30 seconds
[2024-04-06T13:05:50.497+0000] {manager.py:471} INFO - Checking for new files in /opt/airflow/dags every 300 seconds
[2024-04-06T13:05:50.497+0000] {manager.py:738} INFO - Searching for files in /opt/airflow/dags
[2024-04-06T13:05:50.501+0000] {manager.py:741} INFO - There are 1 files in /opt/airflow/dags
[2024-04-06T13:05:53.823+0000] {manager.py:451} INFO - Exiting gracefully upon receiving signal 15
